{"timestamp":"2026-06-18T18:55:21.215964Z","level":"info","event":"DAG bundles loaded: dags-folder, example_dags","logger":"airflow.dag_processing.bundles.manager.DagBundlesManager","filename":"manager.py","lineno":179}
{"timestamp":"2026-06-18T18:55:21.218653Z","level":"info","event":"Filling up the DagBag from /opt/airflow/dags/dag_weather_project.py","logger":"airflow.models.dagbag.BundleDagBag","filename":"dagbag.py","lineno":593}
{"timestamp":"2026-06-18T18:55:21.265876Z","level":"info","event":"Conectando em host.docker.internal:5432/weather_data_project","logger":"root","filename":"load_data.py","lineno":20}
{"timestamp":"2026-06-18T18:55:21.280730Z","level":"warning","event":"The `airflow.decorators.dag` attribute is deprecated. Please use `'airflow.sdk.dag'`.","category":"DeprecatedImportWarning","filename":"/opt/airflow/dags/dag_weather_project.py","lineno":2,"logger":"py.warnings"}
{"timestamp":"2026-06-18T18:55:21.280928Z","level":"warning","event":"The `airflow.decorators.task` attribute is deprecated. Please use `'airflow.sdk.task'`.","category":"DeprecatedImportWarning","filename":"/opt/airflow/dags/dag_weather_project.py","lineno":2,"logger":"py.warnings"}
{"timestamp":"2026-06-18T18:55:21.308860Z","level":"info","event":"Task instance is in running state","logger":"task.stdout"}
{"timestamp":"2026-06-18T18:55:21.309557Z","level":"info","event":" Previous state of the Task instance: TaskInstanceState.QUEUED","logger":"task.stdout"}
{"timestamp":"2026-06-18T18:55:21.309970Z","level":"info","event":"Current task name:transform","logger":"task.stdout"}
{"timestamp":"2026-06-18T18:55:21.310270Z","level":"info","event":"Dag name:dag-weather-pipeline-project","logger":"task.stdout"}
{"timestamp":"2026-06-18T18:55:21.310729Z","level":"info","event":"","logger":"task.stdout"}
{"timestamp":"2026-06-18T18:55:21.311115Z","level":"info","event":" Iniciando transofrmações","logger":"task.stdout"}
{"timestamp":"2026-06-18T18:55:21.310782Z","level":"info","event":"\n -> Criando DataFrame do arquivo JSON...","logger":"root","filename":"transform_data.py","lineno":45}
{"timestamp":"2026-06-18T18:55:21.321145Z","level":"info","event":"\n DataFrame criado com 1 linha(s)","logger":"root","filename":"transform_data.py","lineno":55}
{"timestamp":"2026-06-18T18:55:21.338449Z","level":"info","event":"Coluna 'wather' normalizada - 31 colunas","logger":"root","filename":"transform_data.py","lineno":73}
{"timestamp":"2026-06-18T18:55:21.338668Z","level":"info","event":"\n Removendo colunas: ['weather', 'weather_icon', 'sys.type']","logger":"root","filename":"transform_data.py","lineno":77}
{"timestamp":"2026-06-18T18:55:21.341394Z","level":"info","event":"\n Colunas removidadas - 28 Colunas restantes","logger":"root","filename":"transform_data.py","lineno":79}
{"timestamp":"2026-06-18T18:55:21.341583Z","level":"info","event":"\n Renomeando 26 colunas...","logger":"root","filename":"transform_data.py","lineno":83}
{"timestamp":"2026-06-18T18:55:21.342220Z","level":"info","event":"\n Colunas renomeadas","logger":"root","filename":"transform_data.py","lineno":85}
{"timestamp":"2026-06-18T18:55:21.342337Z","level":"info","event":"Convertendo colunas para datetime: ['datetime', 'sunrise', 'sunset']","logger":"root","filename":"transform_data.py","lineno":90}
{"timestamp":"2026-06-18T18:55:21.351059Z","level":"info","event":"\n Conversão realizada com sucesso para a coluna 'datetime'.","logger":"root","filename":"transform_data.py","lineno":96}
{"timestamp":"2026-06-18T18:55:21.351921Z","level":"info","event":"\n Conversão realizada com sucesso para a coluna 'sunrise'.","logger":"root","filename":"transform_data.py","lineno":96}
{"timestamp":"2026-06-18T18:55:21.352497Z","level":"info","event":"\n Conversão realizada com sucesso para a coluna 'sunset'.","logger":"root","filename":"transform_data.py","lineno":96}
{"timestamp":"2026-06-18T18:55:21.352614Z","level":"info","event":"\n Colunas convertidas com sucesso para datetime! ","logger":"root","filename":"transform_data.py","lineno":98}
{"timestamp":"2026-06-18T18:55:21.352686Z","level":"info","event":"Transformações concluidas!","logger":"root","filename":"transform_data.py","lineno":108}
{"timestamp":"2026-06-18T18:55:21.443875Z","level":"info","event":"Done. Returned value was: None","logger":"airflow.task.operators.airflow.providers.standard.decorators.python._PythonDecoratedOperator","filename":"python.py","lineno":230}
{"timestamp":"2026-06-18T18:55:21.467736Z","level":"info","event":"Task instance in success state","logger":"task.stdout"}
{"timestamp":"2026-06-18T18:55:21.468328Z","level":"info","event":" Previous state of the Task instance: TaskInstanceState.RUNNING","logger":"task.stdout"}
{"timestamp":"2026-06-18T18:55:21.469008Z","level":"info","event":"Task operator:<Task(_PythonDecoratedOperator): transform>","logger":"task.stdout"}
