{"timestamp":"2026-06-18T18:00:05.935791Z","level":"info","event":"DAG bundles loaded: dags-folder, example_dags","logger":"airflow.dag_processing.bundles.manager.DagBundlesManager","filename":"manager.py","lineno":179}
{"timestamp":"2026-06-18T18:00:05.939351Z","level":"info","event":"Filling up the DagBag from /opt/airflow/dags/dag_weather_project.py","logger":"airflow.models.dagbag.BundleDagBag","filename":"dagbag.py","lineno":593}
{"timestamp":"2026-06-18T18:00:06.020654Z","level":"info","event":"Conectando em host.docker.internal:5432/weather_data_project","logger":"root","filename":"load_data.py","lineno":20}
{"timestamp":"2026-06-18T18:00:06.041172Z","level":"warning","event":"The `airflow.decorators.dag` attribute is deprecated. Please use `'airflow.sdk.dag'`.","category":"DeprecatedImportWarning","filename":"/opt/airflow/dags/dag_weather_project.py","lineno":2,"logger":"py.warnings"}
{"timestamp":"2026-06-18T18:00:06.041435Z","level":"warning","event":"The `airflow.decorators.task` attribute is deprecated. Please use `'airflow.sdk.task'`.","category":"DeprecatedImportWarning","filename":"/opt/airflow/dags/dag_weather_project.py","lineno":2,"logger":"py.warnings"}
{"timestamp":"2026-06-18T18:00:06.081986Z","level":"info","event":"Task instance is in running state","logger":"task.stdout"}
{"timestamp":"2026-06-18T18:00:06.082708Z","level":"info","event":" Previous state of the Task instance: TaskInstanceState.QUEUED","logger":"task.stdout"}
{"timestamp":"2026-06-18T18:00:06.083563Z","level":"info","event":"Current task name:transform","logger":"task.stdout"}
{"timestamp":"2026-06-18T18:00:06.084269Z","level":"info","event":"Dag name:dag-weather-pipeline-project","logger":"task.stdout"}
{"timestamp":"2026-06-18T18:00:06.085768Z","level":"info","event":"","logger":"task.stdout"}
{"timestamp":"2026-06-18T18:00:06.086757Z","level":"info","event":" Iniciando transofrmações","logger":"task.stdout"}
{"timestamp":"2026-06-18T18:00:06.085806Z","level":"info","event":"\n -> Criando DataFrame do arquivo JSON...","logger":"root","filename":"transform_data.py","lineno":45}
{"timestamp":"2026-06-18T18:00:06.105286Z","level":"info","event":"\n DataFrame criado com 1 linha(s)","logger":"root","filename":"transform_data.py","lineno":55}
{"timestamp":"2026-06-18T18:00:06.128332Z","level":"info","event":"Coluna 'wather' normalizada - 31 colunas","logger":"root","filename":"transform_data.py","lineno":73}
{"timestamp":"2026-06-18T18:00:06.128698Z","level":"info","event":"\n Removendo colunas: ['weather', 'weather_icon', 'sys.type']","logger":"root","filename":"transform_data.py","lineno":77}
{"timestamp":"2026-06-18T18:00:06.134684Z","level":"info","event":"\n Colunas removidadas - 28 Colunas restantes","logger":"root","filename":"transform_data.py","lineno":79}
{"timestamp":"2026-06-18T18:00:06.135043Z","level":"info","event":"\n Renomeando 26 colunas...","logger":"root","filename":"transform_data.py","lineno":83}
{"timestamp":"2026-06-18T18:00:06.136083Z","level":"info","event":"\n Colunas renomeadas","logger":"root","filename":"transform_data.py","lineno":85}
{"timestamp":"2026-06-18T18:00:06.136280Z","level":"info","event":"Convertendo colunas para datetime: ['datetime', 'sunrise', 'sunset']","logger":"root","filename":"transform_data.py","lineno":90}
{"timestamp":"2026-06-18T18:00:06.161515Z","level":"info","event":"\n Conversão realizada com sucesso para a coluna 'datetime'.","logger":"root","filename":"transform_data.py","lineno":96}
{"timestamp":"2026-06-18T18:00:06.163146Z","level":"info","event":"\n Conversão realizada com sucesso para a coluna 'sunrise'.","logger":"root","filename":"transform_data.py","lineno":96}
{"timestamp":"2026-06-18T18:00:06.164550Z","level":"info","event":"\n Conversão realizada com sucesso para a coluna 'sunset'.","logger":"root","filename":"transform_data.py","lineno":96}
{"timestamp":"2026-06-18T18:00:06.164769Z","level":"info","event":"\n Colunas convertidas com sucesso para datetime! ","logger":"root","filename":"transform_data.py","lineno":98}
{"timestamp":"2026-06-18T18:00:06.164863Z","level":"info","event":"Transformações concluidas!","logger":"root","filename":"transform_data.py","lineno":108}
{"timestamp":"2026-06-18T18:00:06.291614Z","level":"info","event":"Done. Returned value was: None","logger":"airflow.task.operators.airflow.providers.standard.decorators.python._PythonDecoratedOperator","filename":"python.py","lineno":230}
{"timestamp":"2026-06-18T18:00:06.324680Z","level":"info","event":"Task instance in success state","logger":"task.stdout"}
{"timestamp":"2026-06-18T18:00:06.325383Z","level":"info","event":" Previous state of the Task instance: TaskInstanceState.RUNNING","logger":"task.stdout"}
{"timestamp":"2026-06-18T18:00:06.326286Z","level":"info","event":"Task operator:<Task(_PythonDecoratedOperator): transform>","logger":"task.stdout"}
